Using pre-set license
Built from '2021.3/staging' branch; Version is '2021.3.14f1 (eee1884e7226) revision 15655304'; Using compiler version '192829333'; Build Type 'Release'
OS: 'Windows 10  (10.0.19045) 64bit Professional' Language: 'en' Physical Memory: 7549 MB
BatchMode: 1, IsHumanControllingUs: 0, StartBugReporterOnCrash: 0, Is64bit: 1, IsPro: 1

COMMAND LINE ARGUMENTS:
C:\Program Files\Unity\Hub\Editor\2021.3.14f1\Editor\Unity.exe
-adb2
-batchMode
-noUpm
-name
AssetImportWorker3
-projectPath
C:/Users/gabri/PhobiaProject
-logFile
Logs/AssetImportWorker3.log
-srvPort
56283
Successfully changed project path to: C:/Users/gabri/PhobiaProject
C:/Users/gabri/PhobiaProject
[UnityMemory] Configuration Parameters - Can be set up in boot.config
    "memorysetup-bucket-allocator-granularity=16"
    "memorysetup-bucket-allocator-bucket-count=8"
    "memorysetup-bucket-allocator-block-size=33554432"
    "memorysetup-bucket-allocator-block-count=8"
    "memorysetup-main-allocator-block-size=16777216"
    "memorysetup-thread-allocator-block-size=16777216"
    "memorysetup-gfx-main-allocator-block-size=16777216"
    "memorysetup-gfx-thread-allocator-block-size=16777216"
    "memorysetup-cache-allocator-block-size=4194304"
    "memorysetup-typetree-allocator-block-size=2097152"
    "memorysetup-profiler-bucket-allocator-granularity=16"
    "memorysetup-profiler-bucket-allocator-bucket-count=8"
    "memorysetup-profiler-bucket-allocator-block-size=33554432"
    "memorysetup-profiler-bucket-allocator-block-count=8"
    "memorysetup-profiler-allocator-block-size=16777216"
    "memorysetup-profiler-editor-allocator-block-size=1048576"
    "memorysetup-temp-allocator-size-main=16777216"
    "memorysetup-job-temp-allocator-block-size=2097152"
    "memorysetup-job-temp-allocator-block-size-background=1048576"
    "memorysetup-job-temp-allocator-reduction-small-platforms=262144"
    "memorysetup-temp-allocator-size-background-worker=32768"
    "memorysetup-temp-allocator-size-job-worker=262144"
    "memorysetup-temp-allocator-size-preload-manager=33554432"
    "memorysetup-temp-allocator-size-nav-mesh-worker=65536"
    "memorysetup-temp-allocator-size-audio-worker=65536"
    "memorysetup-temp-allocator-size-cloud-worker=32768"
    "memorysetup-temp-allocator-size-gi-baking-worker=262144"
    "memorysetup-temp-allocator-size-gfx=262144"
Refreshing native plugins compatible for Editor in 89.58 ms, found 3 plugins.
Preloading 0 native plugins for Editor in 0.00 ms.
Initialize engine version: 2021.3.14f1 (eee1884e7226)
[Subsystems] Discovering subsystems at path C:/Program Files/Unity/Hub/Editor/2021.3.14f1/Editor/Data/Resources/UnitySubsystems
[Subsystems] Discovering subsystems at path C:/Users/gabri/PhobiaProject/Assets
GfxDevice: creating device client; threaded=0; jobified=0
Direct3D:
    Version:  Direct3D 11.0 [level 11.1]
    Renderer: NVIDIA GeForce GTX 1650 (ID=0x1f99)
    Vendor:   NVIDIA
    VRAM:     3949 MB
    Driver:   31.0.15.2741
Initialize mono
Mono path[0] = 'C:/Program Files/Unity/Hub/Editor/2021.3.14f1/Editor/Data/Managed'
Mono path[1] = 'C:/Program Files/Unity/Hub/Editor/2021.3.14f1/Editor/Data/MonoBleedingEdge/lib/mono/unityjit-win32'
Mono config path = 'C:/Program Files/Unity/Hub/Editor/2021.3.14f1/Editor/Data/MonoBleedingEdge/etc'
Using monoOptions --debugger-agent=transport=dt_socket,embedding=1,server=y,suspend=n,address=127.0.0.1:56848
Begin MonoManager ReloadAssembly
Registering precompiled unity dll's ...
Register platform support module: C:/Program Files/Unity/Hub/Editor/2021.3.14f1/Editor/Data/PlaybackEngines/WebGLSupport/UnityEditor.WebGL.Extensions.dll
Register platform support module: C:/Program Files/Unity/Hub/Editor/2021.3.14f1/Editor/Data/PlaybackEngines/WindowsStandaloneSupport/UnityEditor.WindowsStandalone.Extensions.dll
Registered in 0.010689 seconds.
Native extension for WindowsStandalone target not found
Native extension for WebGL target not found
Refreshing native plugins compatible for Editor in 90.97 ms, found 3 plugins.
Preloading 0 native plugins for Editor in 0.00 ms.
Mono: successfully reloaded assembly
- Completed reload, in  0.705 seconds
Domain Reload Profiling:
	ReloadAssembly (705ms)
		BeginReloadAssembly (128ms)
			ExecutionOrderSort (0ms)
			DisableScriptedObjects (0ms)
			BackupInstance (0ms)
			ReleaseScriptingObjects (0ms)
			CreateAndSetChildDomain (1ms)
		EndReloadAssembly (463ms)
			LoadAssemblies (126ms)
			RebuildTransferFunctionScriptingTraits (0ms)
			SetupTypeCache (103ms)
			ReleaseScriptCaches (0ms)
			RebuildScriptCaches (28ms)
			SetupLoadedEditorAssemblies (284ms)
				LogAssemblyErrors (0ms)
				InitializePlatformSupportModulesInManaged (9ms)
				SetLoadedEditorAssemblies (0ms)
				RefreshPlugins (91ms)
				BeforeProcessingInitializeOnLoad (1ms)
				ProcessInitializeOnLoadAttributes (140ms)
				ProcessInitializeOnLoadMethodAttributes (42ms)
				AfterProcessingInitializeOnLoad (0ms)
				EditorAssembliesLoaded (0ms)
			ExecutionOrderSort2 (0ms)
			AwakeInstancesAfterBackupRestoration (0ms)
Platform modules already initialized, skipping
Registering precompiled user dll's ...
Registered in 0.005427 seconds.
Begin MonoManager ReloadAssembly
Symbol file LoadedFromMemory doesn't match image C:\Users\gabri\PhobiaProject\Library\PackageCache\com.unity.visualscripting@1.7.8\Editor\VisualScripting.Core\Dependencies\YamlDotNet\Unity.VisualScripting.YamlDotNet.dll
Symbol file LoadedFromMemory doesn't match image C:\Users\gabri\PhobiaProject\Library\PackageCache\com.unity.visualscripting@1.7.8\Editor\VisualScripting.Core\Dependencies\DotNetZip\Unity.VisualScripting.IonicZip.dll
Native extension for WindowsStandalone target not found
Native extension for WebGL target not found
Refreshing native plugins compatible for Editor in 0.90 ms, found 3 plugins.
Preloading 0 native plugins for Editor in 0.00 ms.
Mono: successfully reloaded assembly
- Completed reload, in  2.200 seconds
Domain Reload Profiling:
	ReloadAssembly (2201ms)
		BeginReloadAssembly (110ms)
			ExecutionOrderSort (0ms)
			DisableScriptedObjects (5ms)
			BackupInstance (0ms)
			ReleaseScriptingObjects (0ms)
			CreateAndSetChildDomain (20ms)
		EndReloadAssembly (1976ms)
			LoadAssemblies (145ms)
			RebuildTransferFunctionScriptingTraits (0ms)
			SetupTypeCache (260ms)
			ReleaseScriptCaches (1ms)
			RebuildScriptCaches (53ms)
			SetupLoadedEditorAssemblies (1483ms)
				LogAssemblyErrors (0ms)
				InitializePlatformSupportModulesInManaged (7ms)
				SetLoadedEditorAssemblies (1ms)
				RefreshPlugins (1ms)
				BeforeProcessingInitializeOnLoad (94ms)
				ProcessInitializeOnLoadAttributes (1277ms)
				ProcessInitializeOnLoadMethodAttributes (96ms)
				AfterProcessingInitializeOnLoad (9ms)
				EditorAssembliesLoaded (0ms)
			ExecutionOrderSort2 (0ms)
			AwakeInstancesAfterBackupRestoration (5ms)
Platform modules already initialized, skipping
========================================================================
Worker process is ready to serve import requests
Launched and connected shader compiler UnityShaderCompiler.exe after 0.08 seconds
Refreshing native plugins compatible for Editor in 0.66 ms, found 3 plugins.
Preloading 0 native plugins for Editor in 0.00 ms.
Unloading 3534 Unused Serialized files (Serialized files now loaded: 0)
Unloading 39 unused Assets / (1.3 MB). Loaded Objects now: 3986.
Memory consumption went from 132.1 MB to 130.8 MB.
Total: 4.384500 ms (FindLiveObjects: 0.410600 ms CreateObjectMapping: 0.102100 ms MarkObjects: 3.326900 ms  DeleteObjects: 0.543100 ms)

AssetImportParameters requested are different than current active one (requested -> active):
  custom:video-decoder-ogg-theora: a1e56fd34408186e4bbccfd4996cb3dc -> 
  custom:container-muxer-webm: aa71ff27fc2769a1b78a27578f13a17b -> 
  custom:container-demuxer-webm: 4f35f7cbe854078d1ac9338744f61a02 -> 
  custom:video-encoder-webm-vp8: eb34c28f22e8b96e1ab97ce403110664 -> 
  custom:audio-encoder-webm-vorbis: bf7c407c2cedff20999df2af8eb42d56 -> 
  custom:framework-win-MediaFoundation: 216162199b28c13a410421893ffa2e32 -> 
  custom:container-demuxer-ogg: 62fdf1f143b41e24485cea50d1cbac27 -> 
  custom:video-decoder-webm-vp8: 9c59270c3fd7afecdb556c50c9e8de78 -> 
  custom:audio-decoder-ogg-vorbis: bf7c407c2cedff20999df2af8eb42d56 -> 
========================================================================
Received Import Request.
  Time since last request: 590938.205545 seconds.
  path: Assets/Brick Project Studio/Apartment Kit/_Prefabs/Apt Build Kit/Interiors/Special/Molding/Int_Molding_Base_Apt_04.prefab
  artifactKey: Guid(53415a18e4cbb7e4cb88b0f113ee915b) Importer(815301076,1909f56bfc062723c751e8b465ee728b)
Start importing Assets/Brick Project Studio/Apartment Kit/_Prefabs/Apt Build Kit/Interiors/Special/Molding/Int_Molding_Base_Apt_04.prefab using Guid(53415a18e4cbb7e4cb88b0f113ee915b) Importer(815301076,1909f56bfc062723c751e8b465ee728b)  -> (artifact id: 'f2aa85d303a0fe406ebf2b02b5fe5b21') in 0.145909 seconds 
========================================================================
Received Import Request.
  Time since last request: 10.235100 seconds.
  path: Assets/Brick Project Studio/Apartment Kit/_Prefabs/Furniture/Living Room/Sofa_Apt_01.prefab
  artifactKey: Guid(d46fa1eeedbcb0e41b8c735b2594b434) Importer(815301076,1909f56bfc062723c751e8b465ee728b)
Start importing Assets/Brick Project Studio/Apartment Kit/_Prefabs/Furniture/Living Room/Sofa_Apt_01.prefab using Guid(d46fa1eeedbcb0e41b8c735b2594b434) Importer(815301076,1909f56bfc062723c751e8b465ee728b)  -> (artifact id: '608804d410a1b85cbd5a53a2544b2243') in 0.108018 seconds 
========================================================================
Received Import Request.
  Time since last request: 0.000034 seconds.
  path: Assets/Brick Project Studio/Apartment Kit/_Prefabs/Furniture/Living Room/Table_Coffee_01.prefab
  artifactKey: Guid(8c62e0f64b2956748ab5f5ece60bc90c) Importer(815301076,1909f56bfc062723c751e8b465ee728b)
Start importing Assets/Brick Project Studio/Apartment Kit/_Prefabs/Furniture/Living Room/Table_Coffee_01.prefab using Guid(8c62e0f64b2956748ab5f5ece60bc90c) Importer(815301076,1909f56bfc062723c751e8b465ee728b)  -> (artifact id: '0ecc3852ef30d0fca173c4165dc3e29f') in 0.045320 seconds 
========================================================================
Received Import Request.
  Time since last request: 0.000061 seconds.
  path: Assets/Brick Project Studio/Apartment Kit/_Prefabs/Furniture/Living Room/Table_Dining_Apt_01.prefab
  artifactKey: Guid(88eb65b4dea685a4cad7ad664104b001) Importer(815301076,1909f56bfc062723c751e8b465ee728b)
Start importing Assets/Brick Project Studio/Apartment Kit/_Prefabs/Furniture/Living Room/Table_Dining_Apt_01.prefab using Guid(88eb65b4dea685a4cad7ad664104b001) Importer(815301076,1909f56bfc062723c751e8b465ee728b)  -> (artifact id: '875ebf262179f7f58bbfcc91035d38de') in 0.059069 seconds 
========================================================================
Received Import Request.
  Time since last request: 3.318763 seconds.
  path: Assets/Brick Project Studio/Apartment Kit/_Prefabs/Furniture/Bathroom/Hamper_01.prefab
  artifactKey: Guid(811e6e74b6e3af9468ee8cf92013ce83) Importer(815301076,1909f56bfc062723c751e8b465ee728b)
Start importing Assets/Brick Project Studio/Apartment Kit/_Prefabs/Furniture/Bathroom/Hamper_01.prefab using Guid(811e6e74b6e3af9468ee8cf92013ce83) Importer(815301076,1909f56bfc062723c751e8b465ee728b)  -> (artifact id: 'f412688da219923d32b26a05bf63eb8d') in 0.027516 seconds 
========================================================================
Received Import Request.
  Time since last request: 0.000042 seconds.
  path: Assets/Brick Project Studio/Apartment Kit/_Prefabs/Furniture/Bathroom/Toilet_Apt_01.prefab
  artifactKey: Guid(10d4ee2e07ed6c043bcfb109fd37b49a) Importer(815301076,1909f56bfc062723c751e8b465ee728b)
Start importing Assets/Brick Project Studio/Apartment Kit/_Prefabs/Furniture/Bathroom/Toilet_Apt_01.prefab using Guid(10d4ee2e07ed6c043bcfb109fd37b49a) Importer(815301076,1909f56bfc062723c751e8b465ee728b)  -> (artifact id: 'b97053947148ba14ef740bf175e995d2') in 0.043627 seconds 
========================================================================
Received Prepare
Registering precompiled user dll's ...
Registered in 0.004549 seconds.
Begin MonoManager ReloadAssembly
Symbol file LoadedFromMemory doesn't match image C:\Users\gabri\PhobiaProject\Library\PackageCache\com.unity.visualscripting@1.7.8\Editor\VisualScripting.Core\Dependencies\YamlDotNet\Unity.VisualScripting.YamlDotNet.dll
Symbol file LoadedFromMemory doesn't match image C:\Users\gabri\PhobiaProject\Library\PackageCache\com.unity.visualscripting@1.7.8\Editor\VisualScripting.Core\Dependencies\DotNetZip\Unity.VisualScripting.IonicZip.dll
Native extension for WindowsStandalone target not found
Native extension for WebGL target not found
Refreshing native plugins compatible for Editor in 0.86 ms, found 3 plugins.
Preloading 0 native plugins for Editor in 0.00 ms.
Mono: successfully reloaded assembly
- Completed reload, in  1.107 seconds
Domain Reload Profiling:
	ReloadAssembly (1108ms)
		BeginReloadAssembly (163ms)
			ExecutionOrderSort (0ms)
			DisableScriptedObjects (5ms)
			BackupInstance (0ms)
			ReleaseScriptingObjects (0ms)
			CreateAndSetChildDomain (50ms)
		EndReloadAssembly (826ms)
			LoadAssemblies (105ms)
			RebuildTransferFunctionScriptingTraits (0ms)
			SetupTypeCache (277ms)
			ReleaseScriptCaches (1ms)
			RebuildScriptCaches (49ms)
			SetupLoadedEditorAssemblies (357ms)
				LogAssemblyErrors (0ms)
				InitializePlatformSupportModulesInManaged (17ms)
				SetLoadedEditorAssemblies (0ms)
				RefreshPlugins (1ms)
				BeforeProcessingInitializeOnLoad (73ms)
				ProcessInitializeOnLoadAttributes (231ms)
				ProcessInitializeOnLoadMethodAttributes (26ms)
				AfterProcessingInitializeOnLoad (8ms)
				EditorAssembliesLoaded (0ms)
			ExecutionOrderSort2 (0ms)
			AwakeInstancesAfterBackupRestoration (6ms)
Platform modules already initialized, skipping
Refreshing native plugins compatible for Editor in 3.56 ms, found 3 plugins.
Preloading 0 native plugins for Editor in 0.00 ms.
Unloading 3501 Unused Serialized files (Serialized files now loaded: 0)
Unloading 32 unused Assets / (1.3 MB). Loaded Objects now: 3997.
Memory consumption went from 133.6 MB to 132.3 MB.
Total: 4.928000 ms (FindLiveObjects: 0.373700 ms CreateObjectMapping: 0.159600 ms MarkObjects: 3.667400 ms  DeleteObjects: 0.725600 ms)

AssetImportParameters requested are different than current active one (requested -> active):
  custom:video-decoder-ogg-theora: a1e56fd34408186e4bbccfd4996cb3dc -> 
  custom:container-muxer-webm: aa71ff27fc2769a1b78a27578f13a17b -> 
  custom:container-demuxer-webm: 4f35f7cbe854078d1ac9338744f61a02 -> 
  custom:video-encoder-webm-vp8: eb34c28f22e8b96e1ab97ce403110664 -> 
  custom:audio-encoder-webm-vorbis: bf7c407c2cedff20999df2af8eb42d56 -> 
  custom:framework-win-MediaFoundation: 216162199b28c13a410421893ffa2e32 -> 
  custom:container-demuxer-ogg: 62fdf1f143b41e24485cea50d1cbac27 -> 
  custom:video-decoder-webm-vp8: 9c59270c3fd7afecdb556c50c9e8de78 -> 
  custom:audio-decoder-ogg-vorbis: bf7c407c2cedff20999df2af8eb42d56 -> 
========================================================================
Received Import Request.
  Time since last request: 953.471936 seconds.
  path: Assets/Brick Project Studio/Apartment Kit/Common/Textures/Surface/Leather_H.png
  artifactKey: Guid(847bc10dbce23b441840cc99063df098) Importer(815301076,1909f56bfc062723c751e8b465ee728b)
Start importing Assets/Brick Project Studio/Apartment Kit/Common/Textures/Surface/Leather_H.png using Guid(847bc10dbce23b441840cc99063df098) Importer(815301076,1909f56bfc062723c751e8b465ee728b)  -> (artifact id: 'bb8ae433dfe00a88b2979c8c2c79d338') in 0.164299 seconds 
========================================================================
Received Import Request.
  Time since last request: 0.000037 seconds.
  path: Assets/Brick Project Studio/Apartment Kit/Common/Textures/Surface/Rustic Wood - Normal.png
  artifactKey: Guid(280b9617cd8dbde4f8c3a20d529b8051) Importer(815301076,1909f56bfc062723c751e8b465ee728b)
Start importing Assets/Brick Project Studio/Apartment Kit/Common/Textures/Surface/Rustic Wood - Normal.png using Guid(280b9617cd8dbde4f8c3a20d529b8051) Importer(815301076,1909f56bfc062723c751e8b465ee728b)  -> (artifact id: '694586b57bad92112311b661222803d2') in 0.073578 seconds 
========================================================================
Received Import Request.
  Time since last request: 0.000048 seconds.
  path: Assets/Brick Project Studio/Apartment Kit/Common/Textures/Surface/Marble_Dark_01_N.png
  artifactKey: Guid(46992959d77f88c4783fc144795e2ba4) Importer(815301076,1909f56bfc062723c751e8b465ee728b)
Start importing Assets/Brick Project Studio/Apartment Kit/Common/Textures/Surface/Marble_Dark_01_N.png using Guid(46992959d77f88c4783fc144795e2ba4) Importer(815301076,1909f56bfc062723c751e8b465ee728b)  -> (artifact id: 'd53938685942a6674ff2472ed0e8a395') in 0.018102 seconds 
========================================================================
Received Import Request.
  Time since last request: 0.000025 seconds.
  path: Assets/Brick Project Studio/Apartment Kit/Common/Textures/Surface/Wood_Ebony_01_AO.png
  artifactKey: Guid(288cf7adf0d7df7428fd6de295b12e20) Importer(815301076,1909f56bfc062723c751e8b465ee728b)
Start importing Assets/Brick Project Studio/Apartment Kit/Common/Textures/Surface/Wood_Ebony_01_AO.png using Guid(288cf7adf0d7df7428fd6de295b12e20) Importer(815301076,1909f56bfc062723c751e8b465ee728b)  -> (artifact id: '7f912a687cba54b97e705b610989b7ca') in 0.018984 seconds 
========================================================================
Received Import Request.
  Time since last request: 0.000037 seconds.
  path: Assets/Brick Project Studio/Apartment Kit/Common/Textures/Surface/Wood_Ebony_01_A.png
  artifactKey: Guid(852e56973a7526a4b88475a4f8463f4b) Importer(815301076,1909f56bfc062723c751e8b465ee728b)
Start importing Assets/Brick Project Studio/Apartment Kit/Common/Textures/Surface/Wood_Ebony_01_A.png using Guid(852e56973a7526a4b88475a4f8463f4b) Importer(815301076,1909f56bfc062723c751e8b465ee728b)  -> (artifact id: '01f925b8f2c0775c242ea7eef4ae523b') in 0.020707 seconds 
========================================================================
Received Import Request.
  Time since last request: 0.000032 seconds.
  path: Assets/Brick Project Studio/Apartment Kit/Common/Textures/Surface/Plastic_N.png
  artifactKey: Guid(4bf427319880ec2419bf2d8809d66594) Importer(815301076,1909f56bfc062723c751e8b465ee728b)
Start importing Assets/Brick Project Studio/Apartment Kit/Common/Textures/Surface/Plastic_N.png using Guid(4bf427319880ec2419bf2d8809d66594) Importer(815301076,1909f56bfc062723c751e8b465ee728b)  -> (artifact id: '4aa815dc3ec123229926e3c15be2a948') in 0.016126 seconds 
========================================================================
Received Import Request.
  Time since last request: 0.000029 seconds.
  path: Assets/Brick Project Studio/Apartment Kit/Common/Textures/Surface/Wood_Ebony_01_N.png
  artifactKey: Guid(b5b20f23beab58d45b513b9aa44e2709) Importer(815301076,1909f56bfc062723c751e8b465ee728b)
Start importing Assets/Brick Project Studio/Apartment Kit/Common/Textures/Surface/Wood_Ebony_01_N.png using Guid(b5b20f23beab58d45b513b9aa44e2709) Importer(815301076,1909f56bfc062723c751e8b465ee728b)  -> (artifact id: '72b125d669d0a8c740f2eab5da295afa') in 0.023466 seconds 
========================================================================
Received Import Request.
  Time since last request: 0.000042 seconds.
  path: Assets/Brick Project Studio/Apartment Kit/Common/Textures/Surface/Marble_Dark_01_M.png
  artifactKey: Guid(0db03cdc963c4aa40ac6eb1f42684935) Importer(815301076,1909f56bfc062723c751e8b465ee728b)
Start importing Assets/Brick Project Studio/Apartment Kit/Common/Textures/Surface/Marble_Dark_01_M.png using Guid(0db03cdc963c4aa40ac6eb1f42684935) Importer(815301076,1909f56bfc062723c751e8b465ee728b)  -> (artifact id: 'ee0d56e9c09561f68b1aedc81bbfad60') in 0.017688 seconds 
========================================================================
Received Import Request.
  Time since last request: 0.000067 seconds.
  path: Assets/Brick Project Studio/Apartment Kit/Common/Textures/Surface/Painting_N.png
  artifactKey: Guid(52a7d8c0d3423c946a76ebe65fb6dab7) Importer(815301076,1909f56bfc062723c751e8b465ee728b)
Start importing Assets/Brick Project Studio/Apartment Kit/Common/Textures/Surface/Painting_N.png using Guid(52a7d8c0d3423c946a76ebe65fb6dab7) Importer(815301076,1909f56bfc062723c751e8b465ee728b)  -> (artifact id: 'c75bce4a1dcdf8caf880fa70fd163950') in 0.018048 seconds 
========================================================================
Received Import Request.
  Time since last request: 0.000024 seconds.
  path: Assets/Brick Project Studio/Apartment Kit/Common/Textures/Surface/Rustic Wood.png
  artifactKey: Guid(a0e0457c9788feb4f989fdc5b6977fde) Importer(815301076,1909f56bfc062723c751e8b465ee728b)
Start importing Assets/Brick Project Studio/Apartment Kit/Common/Textures/Surface/Rustic Wood.png using Guid(a0e0457c9788feb4f989fdc5b6977fde) Importer(815301076,1909f56bfc062723c751e8b465ee728b)  -> (artifact id: 'bb894806de1fff9fb0b3ffcb0a6f3208') in 0.029324 seconds 
========================================================================
Received Import Request.
  Time since last request: 0.000038 seconds.
  path: Assets/Brick Project Studio/Apartment Kit/Common/Textures/Surface/White Wood_normal.png
  artifactKey: Guid(aa20464592754c2418b9144bff0d1ff6) Importer(815301076,1909f56bfc062723c751e8b465ee728b)
Start importing Assets/Brick Project Studio/Apartment Kit/Common/Textures/Surface/White Wood_normal.png using Guid(aa20464592754c2418b9144bff0d1ff6) Importer(815301076,1909f56bfc062723c751e8b465ee728b)  -> (artifact id: '49853eaa18019057a76fc774cc4adb4f') in 0.017616 seconds 
Editor requested this worker to shutdown with reason: Scaling down because of idle timeout
AssetImportWorker is now disconnected from the server
Process exiting
Exiting without the bug reporter. Application will terminate with return code 0