Using pre-set license
Built from '2021.3/staging' branch; Version is '2021.3.14f1 (eee1884e7226) revision 15655304'; Using compiler version '192829333'; Build Type 'Release'
OS: 'Windows 10  (10.0.19045) 64bit Professional' Language: 'en' Physical Memory: 7549 MB
BatchMode: 1, IsHumanControllingUs: 0, StartBugReporterOnCrash: 0, Is64bit: 1, IsPro: 1

COMMAND LINE ARGUMENTS:
C:\Program Files\Unity\Hub\Editor\2021.3.14f1\Editor\Unity.exe
-adb2
-batchMode
-noUpm
-name
AssetImportWorker4
-projectPath
C:/Users/gabri/PhobiaProject
-logFile
Logs/AssetImportWorker4.log
-srvPort
52344
Successfully changed project path to: C:/Users/gabri/PhobiaProject
C:/Users/gabri/PhobiaProject
[UnityMemory] Configuration Parameters - Can be set up in boot.config
    "memorysetup-bucket-allocator-granularity=16"
    "memorysetup-bucket-allocator-bucket-count=8"
    "memorysetup-bucket-allocator-block-size=33554432"
    "memorysetup-bucket-allocator-block-count=8"
    "memorysetup-main-allocator-block-size=16777216"
    "memorysetup-thread-allocator-block-size=16777216"
    "memorysetup-gfx-main-allocator-block-size=16777216"
    "memorysetup-gfx-thread-allocator-block-size=16777216"
    "memorysetup-cache-allocator-block-size=4194304"
    "memorysetup-typetree-allocator-block-size=2097152"
    "memorysetup-profiler-bucket-allocator-granularity=16"
    "memorysetup-profiler-bucket-allocator-bucket-count=8"
    "memorysetup-profiler-bucket-allocator-block-size=33554432"
    "memorysetup-profiler-bucket-allocator-block-count=8"
    "memorysetup-profiler-allocator-block-size=16777216"
    "memorysetup-profiler-editor-allocator-block-size=1048576"
    "memorysetup-temp-allocator-size-main=16777216"
    "memorysetup-job-temp-allocator-block-size=2097152"
    "memorysetup-job-temp-allocator-block-size-background=1048576"
    "memorysetup-job-temp-allocator-reduction-small-platforms=262144"
    "memorysetup-temp-allocator-size-background-worker=32768"
    "memorysetup-temp-allocator-size-job-worker=262144"
    "memorysetup-temp-allocator-size-preload-manager=33554432"
    "memorysetup-temp-allocator-size-nav-mesh-worker=65536"
    "memorysetup-temp-allocator-size-audio-worker=65536"
    "memorysetup-temp-allocator-size-cloud-worker=32768"
    "memorysetup-temp-allocator-size-gi-baking-worker=262144"
    "memorysetup-temp-allocator-size-gfx=262144"
Refreshing native plugins compatible for Editor in 109.39 ms, found 3 plugins.
Preloading 0 native plugins for Editor in 0.00 ms.
Initialize engine version: 2021.3.14f1 (eee1884e7226)
[Subsystems] Discovering subsystems at path C:/Program Files/Unity/Hub/Editor/2021.3.14f1/Editor/Data/Resources/UnitySubsystems
[Subsystems] Discovering subsystems at path C:/Users/gabri/PhobiaProject/Assets
GfxDevice: creating device client; threaded=0; jobified=0
Direct3D:
    Version:  Direct3D 11.0 [level 11.1]
    Renderer: NVIDIA GeForce GTX 1650 (ID=0x1f99)
    Vendor:   NVIDIA
    VRAM:     3949 MB
    Driver:   31.0.15.2741
Initialize mono
Mono path[0] = 'C:/Program Files/Unity/Hub/Editor/2021.3.14f1/Editor/Data/Managed'
Mono path[1] = 'C:/Program Files/Unity/Hub/Editor/2021.3.14f1/Editor/Data/MonoBleedingEdge/lib/mono/unityjit-win32'
Mono config path = 'C:/Program Files/Unity/Hub/Editor/2021.3.14f1/Editor/Data/MonoBleedingEdge/etc'
Using monoOptions --debugger-agent=transport=dt_socket,embedding=1,server=y,suspend=n,address=127.0.0.1:56224
Begin MonoManager ReloadAssembly
Registering precompiled unity dll's ...
Register platform support module: C:/Program Files/Unity/Hub/Editor/2021.3.14f1/Editor/Data/PlaybackEngines/WebGLSupport/UnityEditor.WebGL.Extensions.dll
Register platform support module: C:/Program Files/Unity/Hub/Editor/2021.3.14f1/Editor/Data/PlaybackEngines/WindowsStandaloneSupport/UnityEditor.WindowsStandalone.Extensions.dll
Registered in 0.007281 seconds.
Native extension for WindowsStandalone target not found
Native extension for WebGL target not found
Refreshing native plugins compatible for Editor in 82.07 ms, found 3 plugins.
Preloading 0 native plugins for Editor in 0.00 ms.
Mono: successfully reloaded assembly
- Completed reload, in  0.639 seconds
Domain Reload Profiling:
	ReloadAssembly (640ms)
		BeginReloadAssembly (75ms)
			ExecutionOrderSort (0ms)
			DisableScriptedObjects (0ms)
			BackupInstance (0ms)
			ReleaseScriptingObjects (0ms)
			CreateAndSetChildDomain (1ms)
		EndReloadAssembly (458ms)
			LoadAssemblies (73ms)
			RebuildTransferFunctionScriptingTraits (0ms)
			SetupTypeCache (117ms)
			ReleaseScriptCaches (0ms)
			RebuildScriptCaches (27ms)
			SetupLoadedEditorAssemblies (266ms)
				LogAssemblyErrors (0ms)
				InitializePlatformSupportModulesInManaged (8ms)
				SetLoadedEditorAssemblies (0ms)
				RefreshPlugins (82ms)
				BeforeProcessingInitializeOnLoad (2ms)
				ProcessInitializeOnLoadAttributes (132ms)
				ProcessInitializeOnLoadMethodAttributes (42ms)
				AfterProcessingInitializeOnLoad (0ms)
				EditorAssembliesLoaded (0ms)
			ExecutionOrderSort2 (0ms)
			AwakeInstancesAfterBackupRestoration (0ms)
Platform modules already initialized, skipping
Registering precompiled user dll's ...
Registered in 0.004964 seconds.
Begin MonoManager ReloadAssembly
Symbol file LoadedFromMemory doesn't match image C:\Users\gabri\PhobiaProject\Library\PackageCache\com.unity.visualscripting@1.7.8\Editor\VisualScripting.Core\Dependencies\YamlDotNet\Unity.VisualScripting.YamlDotNet.dll
Symbol file LoadedFromMemory doesn't match image C:\Users\gabri\PhobiaProject\Library\PackageCache\com.unity.visualscripting@1.7.8\Editor\VisualScripting.Core\Dependencies\DotNetZip\Unity.VisualScripting.IonicZip.dll
Native extension for WindowsStandalone target not found
Native extension for WebGL target not found
Refreshing native plugins compatible for Editor in 0.68 ms, found 3 plugins.
Preloading 0 native plugins for Editor in 0.00 ms.
[ScriptCompilation] NOT recompiling all scripts because this is an import worker process. Reason to compile was: Define symbols changed
Mono: successfully reloaded assembly
- Completed reload, in  1.015 seconds
Domain Reload Profiling:
	ReloadAssembly (1016ms)
		BeginReloadAssembly (116ms)
			ExecutionOrderSort (0ms)
			DisableScriptedObjects (5ms)
			BackupInstance (0ms)
			ReleaseScriptingObjects (0ms)
			CreateAndSetChildDomain (24ms)
		EndReloadAssembly (784ms)
			LoadAssemblies (94ms)
			RebuildTransferFunctionScriptingTraits (0ms)
			SetupTypeCache (248ms)
			ReleaseScriptCaches (1ms)
			RebuildScriptCaches (52ms)
			SetupLoadedEditorAssemblies (365ms)
				LogAssemblyErrors (0ms)
				InitializePlatformSupportModulesInManaged (6ms)
				SetLoadedEditorAssemblies (0ms)
				RefreshPlugins (1ms)
				BeforeProcessingInitializeOnLoad (87ms)
				ProcessInitializeOnLoadAttributes (238ms)
				ProcessInitializeOnLoadMethodAttributes (26ms)
				AfterProcessingInitializeOnLoad (7ms)
				EditorAssembliesLoaded (0ms)
			ExecutionOrderSort2 (0ms)
			AwakeInstancesAfterBackupRestoration (5ms)
Platform modules already initialized, skipping
========================================================================
Worker process is ready to serve import requests
Launched and connected shader compiler UnityShaderCompiler.exe after 0.06 seconds
Refreshing native plugins compatible for Editor in 0.84 ms, found 3 plugins.
Preloading 0 native plugins for Editor in 0.00 ms.
Unloading 3533 Unused Serialized files (Serialized files now loaded: 0)
Unloading 39 unused Assets / (1.3 MB). Loaded Objects now: 3985.
Memory consumption went from 132.0 MB to 130.6 MB.
Total: 8.084700 ms (FindLiveObjects: 0.943500 ms CreateObjectMapping: 0.385900 ms MarkObjects: 5.703700 ms  DeleteObjects: 1.049000 ms)

AssetImportParameters requested are different than current active one (requested -> active):
  custom:video-decoder-ogg-theora: a1e56fd34408186e4bbccfd4996cb3dc -> 
  custom:container-muxer-webm: aa71ff27fc2769a1b78a27578f13a17b -> 
  custom:container-demuxer-webm: 4f35f7cbe854078d1ac9338744f61a02 -> 
  custom:video-encoder-webm-vp8: eb34c28f22e8b96e1ab97ce403110664 -> 
  custom:audio-encoder-webm-vorbis: bf7c407c2cedff20999df2af8eb42d56 -> 
  custom:framework-win-MediaFoundation: 216162199b28c13a410421893ffa2e32 -> 
  custom:container-demuxer-ogg: 62fdf1f143b41e24485cea50d1cbac27 -> 
  custom:video-decoder-webm-vp8: 9c59270c3fd7afecdb556c50c9e8de78 -> 
  custom:audio-decoder-ogg-vorbis: bf7c407c2cedff20999df2af8eb42d56 -> 
========================================================================
Received Import Request.
  Time since last request: 579180.219578 seconds.
  path: Assets/Brick Project Studio/Apartment Kit/_Prefabs/Props/Kitchen
  artifactKey: Guid(65ca55068485b1a4cafc116c04287f02) Importer(815301076,1909f56bfc062723c751e8b465ee728b)
Start importing Assets/Brick Project Studio/Apartment Kit/_Prefabs/Props/Kitchen using Guid(65ca55068485b1a4cafc116c04287f02) Importer(815301076,1909f56bfc062723c751e8b465ee728b)  -> (artifact id: '4ba45825762434507d1eeb0182ba4dea') in 0.012809 seconds 
========================================================================
Received Import Request.
  Time since last request: 0.029107 seconds.
  path: Assets/Brick Project Studio/Apartment Kit/_Prefabs/Props/Kitchen/Blender_Apt_01.prefab
  artifactKey: Guid(8b726a9375ea2e442aa068972abf0c08) Importer(815301076,1909f56bfc062723c751e8b465ee728b)
Start importing Assets/Brick Project Studio/Apartment Kit/_Prefabs/Props/Kitchen/Blender_Apt_01.prefab using Guid(8b726a9375ea2e442aa068972abf0c08) Importer(815301076,1909f56bfc062723c751e8b465ee728b)  -> (artifact id: '340c7f93410360c8d562439d6075c15c') in 0.196952 seconds 
========================================================================
Received Import Request.
  Time since last request: 1.829741 seconds.
  path: Assets/Brick Project Studio/Apartment Kit/_Prefabs/Props/Lighting
  artifactKey: Guid(65b3809457a326b41afcda181e51678f) Importer(815301076,1909f56bfc062723c751e8b465ee728b)
Start importing Assets/Brick Project Studio/Apartment Kit/_Prefabs/Props/Lighting using Guid(65b3809457a326b41afcda181e51678f) Importer(815301076,1909f56bfc062723c751e8b465ee728b)  -> (artifact id: '3a2a321c20fb4cef961fc33bac118809') in 0.007349 seconds 
========================================================================
Received Import Request.
  Time since last request: 0.056394 seconds.
  path: Assets/Brick Project Studio/Apartment Kit/_Prefabs/Props/Lighting/Lamp_BR_01.prefab
  artifactKey: Guid(046ec50b8328aa54c96774a0cc973a01) Importer(815301076,1909f56bfc062723c751e8b465ee728b)
Start importing Assets/Brick Project Studio/Apartment Kit/_Prefabs/Props/Lighting/Lamp_BR_01.prefab using Guid(046ec50b8328aa54c96774a0cc973a01) Importer(815301076,1909f56bfc062723c751e8b465ee728b)  -> (artifact id: '47a68c142495599861261e773523abdf') in 0.034639 seconds 
========================================================================
Received Import Request.
  Time since last request: 0.000056 seconds.
  path: Assets/Brick Project Studio/Apartment Kit/_Prefabs/Props/Lighting/Lamp_Table_Apt_01.prefab
  artifactKey: Guid(3e7be61a66e072c44bc2cc6bbee79f45) Importer(815301076,1909f56bfc062723c751e8b465ee728b)
Start importing Assets/Brick Project Studio/Apartment Kit/_Prefabs/Props/Lighting/Lamp_Table_Apt_01.prefab using Guid(3e7be61a66e072c44bc2cc6bbee79f45) Importer(815301076,1909f56bfc062723c751e8b465ee728b)  -> (artifact id: 'ab3a60bd70538ae72f57c909495fdae9') in 0.082322 seconds 
========================================================================
Received Import Request.
  Time since last request: 0.000037 seconds.
  path: Assets/Brick Project Studio/Apartment Kit/_Prefabs/Props/Lighting/Lamp_Floor_Apt_03.prefab
  artifactKey: Guid(d386d629c043bd849840935643a668b9) Importer(815301076,1909f56bfc062723c751e8b465ee728b)
Start importing Assets/Brick Project Studio/Apartment Kit/_Prefabs/Props/Lighting/Lamp_Floor_Apt_03.prefab using Guid(d386d629c043bd849840935643a668b9) Importer(815301076,1909f56bfc062723c751e8b465ee728b)  -> (artifact id: '41cbd7afd8a4d935da5cfddcfb0f603f') in 0.042243 seconds 
========================================================================
Received Import Request.
  Time since last request: 1.425309 seconds.
  path: Assets/Brick Project Studio/Apartment Kit/_Prefabs/Props/Misc
  artifactKey: Guid(3117a122a6c169a41a667dda50162953) Importer(815301076,1909f56bfc062723c751e8b465ee728b)
Start importing Assets/Brick Project Studio/Apartment Kit/_Prefabs/Props/Misc using Guid(3117a122a6c169a41a667dda50162953) Importer(815301076,1909f56bfc062723c751e8b465ee728b)  -> (artifact id: '5beac3d33a74095c09384256445cf300') in 0.007606 seconds 
========================================================================
Received Import Request.
  Time since last request: 0.184509 seconds.
  path: Assets/Brick Project Studio/Apartment Kit/_Prefabs/Props/Misc/CandelSetting_apt_01.prefab
  artifactKey: Guid(e2fa05d22ec876745aec3dd263e3622f) Importer(815301076,1909f56bfc062723c751e8b465ee728b)
Start importing Assets/Brick Project Studio/Apartment Kit/_Prefabs/Props/Misc/CandelSetting_apt_01.prefab using Guid(e2fa05d22ec876745aec3dd263e3622f) Importer(815301076,1909f56bfc062723c751e8b465ee728b)  -> (artifact id: 'c666dfe5401245dc47c84a0544a26161') in 0.068452 seconds 
========================================================================
Received Import Request.
  Time since last request: 0.000041 seconds.
  path: Assets/Brick Project Studio/Apartment Kit/_Prefabs/Props/Misc/Wall_Mirror_01.prefab
  artifactKey: Guid(22a931750861f724a854421dccfa17e0) Importer(815301076,1909f56bfc062723c751e8b465ee728b)
Start importing Assets/Brick Project Studio/Apartment Kit/_Prefabs/Props/Misc/Wall_Mirror_01.prefab using Guid(22a931750861f724a854421dccfa17e0) Importer(815301076,1909f56bfc062723c751e8b465ee728b)  -> (artifact id: 'bb4bd65b21916d45b035a732b251a839') in 0.036598 seconds 
========================================================================
Received Import Request.
  Time since last request: 0.000048 seconds.
  path: Assets/Brick Project Studio/Apartment Kit/_Prefabs/Props/Misc/Trash_apt_01.prefab
  artifactKey: Guid(cd4ca976dbf626549971e19d7ef53367) Importer(815301076,1909f56bfc062723c751e8b465ee728b)
Start importing Assets/Brick Project Studio/Apartment Kit/_Prefabs/Props/Misc/Trash_apt_01.prefab using Guid(cd4ca976dbf626549971e19d7ef53367) Importer(815301076,1909f56bfc062723c751e8b465ee728b)  -> (artifact id: '11911ee02e26a7bf5be2f1ae88d16827') in 0.027442 seconds 
========================================================================
Received Import Request.
  Time since last request: 1.347191 seconds.
  path: Assets/Brick Project Studio/Apartment Kit/_Prefabs/Props/Sculptures
  artifactKey: Guid(b0dadda7b2424c34f998779ff5628811) Importer(815301076,1909f56bfc062723c751e8b465ee728b)
Start importing Assets/Brick Project Studio/Apartment Kit/_Prefabs/Props/Sculptures using Guid(b0dadda7b2424c34f998779ff5628811) Importer(815301076,1909f56bfc062723c751e8b465ee728b)  -> (artifact id: '71868373f2b1c36bbf306f786d1fa58a') in 0.006807 seconds 
========================================================================
Received Import Request.
  Time since last request: 0.058567 seconds.
  path: Assets/Brick Project Studio/Apartment Kit/_Prefabs/Props/Sculptures/Mech_apt_01.prefab
  artifactKey: Guid(2d6f3b929468cea46a733cd9fe79f4c9) Importer(815301076,1909f56bfc062723c751e8b465ee728b)
Start importing Assets/Brick Project Studio/Apartment Kit/_Prefabs/Props/Sculptures/Mech_apt_01.prefab using Guid(2d6f3b929468cea46a733cd9fe79f4c9) Importer(815301076,1909f56bfc062723c751e8b465ee728b)  -> (artifact id: '120e3d239cd8aefc0fce039500181ffa') in 0.044678 seconds 
========================================================================
Received Import Request.
  Time since last request: 0.000065 seconds.
  path: Assets/Brick Project Studio/Apartment Kit/_Prefabs/Props/Sculptures/Sculpture_apt_02_04.prefab
  artifactKey: Guid(6ad7ae35911007741856dfec75c6ab59) Importer(815301076,1909f56bfc062723c751e8b465ee728b)
Start importing Assets/Brick Project Studio/Apartment Kit/_Prefabs/Props/Sculptures/Sculpture_apt_02_04.prefab using Guid(6ad7ae35911007741856dfec75c6ab59) Importer(815301076,1909f56bfc062723c751e8b465ee728b)  -> (artifact id: '8c6b7d15d15b18730e49dcd6097ae846') in 0.034184 seconds 
========================================================================
Received Import Request.
  Time since last request: 0.000039 seconds.
  path: Assets/Brick Project Studio/Apartment Kit/_Prefabs/Props/Sculptures/Sculpture_apt_02_01.prefab
  artifactKey: Guid(fe722613e8e23b04aba46967537bbce1) Importer(815301076,1909f56bfc062723c751e8b465ee728b)
Start importing Assets/Brick Project Studio/Apartment Kit/_Prefabs/Props/Sculptures/Sculpture_apt_02_01.prefab using Guid(fe722613e8e23b04aba46967537bbce1) Importer(815301076,1909f56bfc062723c751e8b465ee728b)  -> (artifact id: 'ca029af6aec6b160bf713db401cb82f9') in 0.027086 seconds 
========================================================================
Received Import Request.
  Time since last request: 1.559505 seconds.
  path: Assets/Brick Project Studio/Apartment Kit/_Prefabs/Props/Wine Liquor Beer and Glassware - Sample
  artifactKey: Guid(bfea097eda748e445af72b19baa5540e) Importer(815301076,1909f56bfc062723c751e8b465ee728b)
Start importing Assets/Brick Project Studio/Apartment Kit/_Prefabs/Props/Wine Liquor Beer and Glassware - Sample using Guid(bfea097eda748e445af72b19baa5540e) Importer(815301076,1909f56bfc062723c751e8b465ee728b)  -> (artifact id: '0286bdb6217f29f8ba62361798bbcb33') in 0.032133 seconds 
========================================================================
Received Import Request.
  Time since last request: 0.025323 seconds.
  path: Assets/Brick Project Studio/Apartment Kit/_Prefabs/Props/Wine Liquor Beer and Glassware - Sample/CorkScrew_01.prefab
  artifactKey: Guid(22294fbb399136745912705cd64924db) Importer(815301076,1909f56bfc062723c751e8b465ee728b)
Start importing Assets/Brick Project Studio/Apartment Kit/_Prefabs/Props/Wine Liquor Beer and Glassware - Sample/CorkScrew_01.prefab using Guid(22294fbb399136745912705cd64924db) Importer(815301076,1909f56bfc062723c751e8b465ee728b)  -> (artifact id: '2b2ab373906acb3247d990225a58b843') in 0.023948 seconds 
========================================================================
Received Import Request.
  Time since last request: 2.385203 seconds.
  path: Assets/Brick Project Studio/Apartment Kit/_Prefabs/Props/Art
  artifactKey: Guid(4addefa9a98220647bbb0f022fc137d5) Importer(815301076,1909f56bfc062723c751e8b465ee728b)
Start importing Assets/Brick Project Studio/Apartment Kit/_Prefabs/Props/Art using Guid(4addefa9a98220647bbb0f022fc137d5) Importer(815301076,1909f56bfc062723c751e8b465ee728b)  -> (artifact id: '2eea7ae30b03920911118b8c3b472b01') in 0.005992 seconds 
========================================================================
Received Import Request.
  Time since last request: 0.058408 seconds.
  path: Assets/Brick Project Studio/Apartment Kit/_Prefabs/Props/Art/Canvas_Painting_01.prefab
  artifactKey: Guid(034a790e51efb8c42af98f9b7728dfe6) Importer(815301076,1909f56bfc062723c751e8b465ee728b)
Start importing Assets/Brick Project Studio/Apartment Kit/_Prefabs/Props/Art/Canvas_Painting_01.prefab using Guid(034a790e51efb8c42af98f9b7728dfe6) Importer(815301076,1909f56bfc062723c751e8b465ee728b)  -> (artifact id: '3842dc9c3ce2daf100fb344cd5b97adf') in 0.051125 seconds 
========================================================================
Received Import Request.
  Time since last request: 0.000041 seconds.
  path: Assets/Brick Project Studio/Apartment Kit/_Prefabs/Props/Art/WallArt_Apt_04.prefab
  artifactKey: Guid(2804d1473f02dbe46804e506168c85ec) Importer(815301076,1909f56bfc062723c751e8b465ee728b)
Start importing Assets/Brick Project Studio/Apartment Kit/_Prefabs/Props/Art/WallArt_Apt_04.prefab using Guid(2804d1473f02dbe46804e506168c85ec) Importer(815301076,1909f56bfc062723c751e8b465ee728b)  -> (artifact id: '19534ed427e6a7b33c339d95d08b5ca4') in 0.060424 seconds 
========================================================================
Received Import Request.
  Time since last request: 0.000051 seconds.
  path: Assets/Brick Project Studio/Apartment Kit/_Prefabs/Props/Art/Wall Wine Rack_Apt_01_Filled Variant.prefab
  artifactKey: Guid(57c88468704ae69488156b563516783f) Importer(815301076,1909f56bfc062723c751e8b465ee728b)
Start importing Assets/Brick Project Studio/Apartment Kit/_Prefabs/Props/Art/Wall Wine Rack_Apt_01_Filled Variant.prefab using Guid(57c88468704ae69488156b563516783f) Importer(815301076,1909f56bfc062723c751e8b465ee728b)  -> (artifact id: '6a0551479f1ef5ce58f847666c6a8bb3') in 0.053017 seconds 
========================================================================
Received Import Request.
  Time since last request: 3.565040 seconds.
  path: Assets/Brick Project Studio/Apartment Kit/_Prefabs/Apt Build Kit
  artifactKey: Guid(98ccdafb031a36b4f8c871f3a31f66ac) Importer(815301076,1909f56bfc062723c751e8b465ee728b)
Start importing Assets/Brick Project Studio/Apartment Kit/_Prefabs/Apt Build Kit using Guid(98ccdafb031a36b4f8c871f3a31f66ac) Importer(815301076,1909f56bfc062723c751e8b465ee728b)  -> (artifact id: '48716ee6b02b5ad9d2d2a7863c3af821') in 0.098305 seconds 
========================================================================
Received Import Request.
  Time since last request: 3.201078 seconds.
  path: Assets/Brick Project Studio/Apartment Kit/_Prefabs/Apt Build Kit/Interiors
  artifactKey: Guid(c93f3d6e1c2f1e54ca29176954baccbb) Importer(815301076,1909f56bfc062723c751e8b465ee728b)
Start importing Assets/Brick Project Studio/Apartment Kit/_Prefabs/Apt Build Kit/Interiors using Guid(c93f3d6e1c2f1e54ca29176954baccbb) Importer(815301076,1909f56bfc062723c751e8b465ee728b)  -> (artifact id: '041bfeddced411e70b4b6e1e2f097d96') in 0.011430 seconds 
========================================================================
Received Import Request.
  Time since last request: 0.000029 seconds.
  path: Assets/Brick Project Studio/Apartment Kit/_Prefabs/Apt Build Kit/Interiors/Apartment_Kit.prefab
  artifactKey: Guid(9f5cf41eb9d32ea47906bc22c07fc533) Importer(815301076,1909f56bfc062723c751e8b465ee728b)
Start importing Assets/Brick Project Studio/Apartment Kit/_Prefabs/Apt Build Kit/Interiors/Apartment_Kit.prefab using Guid(9f5cf41eb9d32ea47906bc22c07fc533) Importer(815301076,1909f56bfc062723c751e8b465ee728b)  -> (artifact id: '02ca169cf7357a989dfbb8012a35d71c') in 0.084087 seconds 
========================================================================
Received Import Request.
  Time since last request: 13.126828 seconds.
  path: Assets/Brick Project Studio/Apartment Kit/_Prefabs/Apt Build Kit/Interiors/Walls Frames & Doors
  artifactKey: Guid(0c7d15f7f26c038489dc5563a9cb2646) Importer(815301076,1909f56bfc062723c751e8b465ee728b)
Start importing Assets/Brick Project Studio/Apartment Kit/_Prefabs/Apt Build Kit/Interiors/Walls Frames & Doors using Guid(0c7d15f7f26c038489dc5563a9cb2646) Importer(815301076,1909f56bfc062723c751e8b465ee728b)  -> (artifact id: '11e260083eba9f5ec0ad1d03d935df76') in 0.006783 seconds 
========================================================================
Received Import Request.
  Time since last request: 1.522711 seconds.
  path: Assets/Brick Project Studio/Apartment Kit/_Prefabs/Apt Build Kit/Interiors/Walls Frames & Doors/Apt_01
  artifactKey: Guid(226c023f060c1f04991ebb0ef1097cfd) Importer(815301076,1909f56bfc062723c751e8b465ee728b)
Start importing Assets/Brick Project Studio/Apartment Kit/_Prefabs/Apt Build Kit/Interiors/Walls Frames & Doors/Apt_01 using Guid(226c023f060c1f04991ebb0ef1097cfd) Importer(815301076,1909f56bfc062723c751e8b465ee728b)  -> (artifact id: '95b575625a26d0513f3fb7183dbaffbf') in 0.006384 seconds 
========================================================================
Received Import Request.
  Time since last request: 0.048724 seconds.
  path: Assets/Brick Project Studio/Apartment Kit/_Prefabs/Apt Build Kit/Interiors/Walls Frames & Doors/Apt_01/Int_Apt_01_Corner_01.prefab
  artifactKey: Guid(4ddec33f57bc4c74680f805d105aa0cc) Importer(815301076,1909f56bfc062723c751e8b465ee728b)
Start importing Assets/Brick Project Studio/Apartment Kit/_Prefabs/Apt Build Kit/Interiors/Walls Frames & Doors/Apt_01/Int_Apt_01_Corner_01.prefab using Guid(4ddec33f57bc4c74680f805d105aa0cc) Importer(815301076,1909f56bfc062723c751e8b465ee728b)  -> (artifact id: 'f2d2c03b66e8f7513ab9b3a52f8aefbb') in 0.044515 seconds 
========================================================================
Received Import Request.
  Time since last request: 0.000031 seconds.
  path: Assets/Brick Project Studio/Apartment Kit/_Prefabs/Apt Build Kit/Interiors/Walls Frames & Doors/Apt_01/Int_Apt_01_Wall_03.prefab
  artifactKey: Guid(0ef87058d11dd764abf30aefa470c526) Importer(815301076,1909f56bfc062723c751e8b465ee728b)
Start importing Assets/Brick Project Studio/Apartment Kit/_Prefabs/Apt Build Kit/Interiors/Walls Frames & Doors/Apt_01/Int_Apt_01_Wall_03.prefab using Guid(0ef87058d11dd764abf30aefa470c526) Importer(815301076,1909f56bfc062723c751e8b465ee728b)  -> (artifact id: '5ce371a55e7ca5a53a23261ab3d60a8e') in 0.049305 seconds 
========================================================================
Received Import Request.
  Time since last request: 0.000036 seconds.
  path: Assets/Brick Project Studio/Apartment Kit/_Prefabs/Apt Build Kit/Interiors/Walls Frames & Doors/Apt_01/Int_Apt_01_Wall_02.prefab
  artifactKey: Guid(f01b8dde2f2266c4a9c87acaa4ed6003) Importer(815301076,1909f56bfc062723c751e8b465ee728b)
Start importing Assets/Brick Project Studio/Apartment Kit/_Prefabs/Apt Build Kit/Interiors/Walls Frames & Doors/Apt_01/Int_Apt_01_Wall_02.prefab using Guid(f01b8dde2f2266c4a9c87acaa4ed6003) Importer(815301076,1909f56bfc062723c751e8b465ee728b)  -> (artifact id: 'bcbd3a9972d38b26685403a0b75330d8') in 0.030748 seconds 
========================================================================
Received Import Request.
  Time since last request: 3.499013 seconds.
  path: Assets/Brick Project Studio/Apartment Kit/_Prefabs/Apt Build Kit/Interiors/Special
  artifactKey: Guid(3910682e2831d3a4194fd044db661cd1) Importer(815301076,1909f56bfc062723c751e8b465ee728b)
Start importing Assets/Brick Project Studio/Apartment Kit/_Prefabs/Apt Build Kit/Interiors/Special using Guid(3910682e2831d3a4194fd044db661cd1) Importer(815301076,1909f56bfc062723c751e8b465ee728b)  -> (artifact id: '87a622802d5157929cf7359e2469f955') in 0.007052 seconds 
========================================================================
Received Import Request.
  Time since last request: 2.395723 seconds.
  path: Assets/Brick Project Studio/Apartment Kit/_Prefabs/Apt Build Kit/Interiors/Special/Wall Tiles
  artifactKey: Guid(1ee7c6426dd29064ea3cef11cf1a1522) Importer(815301076,1909f56bfc062723c751e8b465ee728b)
Start importing Assets/Brick Project Studio/Apartment Kit/_Prefabs/Apt Build Kit/Interiors/Special/Wall Tiles using Guid(1ee7c6426dd29064ea3cef11cf1a1522) Importer(815301076,1909f56bfc062723c751e8b465ee728b)  -> (artifact id: '852ae7ba1935c6766043656ae63b014a') in 0.057395 seconds 
========================================================================
Received Import Request.
  Time since last request: 0.034616 seconds.
  path: Assets/Brick Project Studio/Apartment Kit/_Prefabs/Apt Build Kit/Interiors/Special/Wall Tiles/BR_Tile_APT_01_01.prefab
  artifactKey: Guid(9e5c2bb5031891140882f5e81a01c0c7) Importer(815301076,1909f56bfc062723c751e8b465ee728b)
Start importing Assets/Brick Project Studio/Apartment Kit/_Prefabs/Apt Build Kit/Interiors/Special/Wall Tiles/BR_Tile_APT_01_01.prefab using Guid(9e5c2bb5031891140882f5e81a01c0c7) Importer(815301076,1909f56bfc062723c751e8b465ee728b)  -> (artifact id: '11ac53213dbf832f0f87e22860c0d4da') in 0.044226 seconds 
========================================================================
Received Import Request.
  Time since last request: 0.000044 seconds.
  path: Assets/Brick Project Studio/Apartment Kit/_Prefabs/Apt Build Kit/Interiors/Special/Wall Tiles/BR_Tile_APT_01_05.prefab
  artifactKey: Guid(8b20f7b1c11009a4fb828bb33ad93690) Importer(815301076,1909f56bfc062723c751e8b465ee728b)
Start importing Assets/Brick Project Studio/Apartment Kit/_Prefabs/Apt Build Kit/Interiors/Special/Wall Tiles/BR_Tile_APT_01_05.prefab using Guid(8b20f7b1c11009a4fb828bb33ad93690) Importer(815301076,1909f56bfc062723c751e8b465ee728b)  -> (artifact id: '044261ee08892f32c8e515cfc8842d37') in 0.043773 seconds 
========================================================================
Received Import Request.
  Time since last request: 0.000036 seconds.
  path: Assets/Brick Project Studio/Apartment Kit/_Prefabs/Apt Build Kit/Interiors/Special/Wall Tiles/BR_Tile_APT_02_01.prefab
  artifactKey: Guid(f65183ca19c1b4448a412998605b2216) Importer(815301076,1909f56bfc062723c751e8b465ee728b)
Start importing Assets/Brick Project Studio/Apartment Kit/_Prefabs/Apt Build Kit/Interiors/Special/Wall Tiles/BR_Tile_APT_02_01.prefab using Guid(f65183ca19c1b4448a412998605b2216) Importer(815301076,1909f56bfc062723c751e8b465ee728b)  -> (artifact id: '35610c0c5035a85359885e97b2f04caa') in 0.024824 seconds 
========================================================================
Received Import Request.
  Time since last request: 0.000046 seconds.
  path: Assets/Brick Project Studio/Apartment Kit/_Prefabs/Apt Build Kit/Interiors/Special/Wall Tiles/BR_Tile_APT_02_05.prefab
  artifactKey: Guid(fd67a8bb0f3907e4589fd38ca697c221) Importer(815301076,1909f56bfc062723c751e8b465ee728b)
Start importing Assets/Brick Project Studio/Apartment Kit/_Prefabs/Apt Build Kit/Interiors/Special/Wall Tiles/BR_Tile_APT_02_05.prefab using Guid(fd67a8bb0f3907e4589fd38ca697c221) Importer(815301076,1909f56bfc062723c751e8b465ee728b)  -> (artifact id: 'a7757d8236a135afffb86d6f6101bfc8') in 0.024247 seconds 
========================================================================
Received Import Request.
  Time since last request: 13.175957 seconds.
  path: Assets/Brick Project Studio/Apartment Kit/_Prefabs/Apt Build Kit/Int into Ext
  artifactKey: Guid(ed6ae6691b439b14ca460438d201a64a) Importer(815301076,1909f56bfc062723c751e8b465ee728b)
Start importing Assets/Brick Project Studio/Apartment Kit/_Prefabs/Apt Build Kit/Int into Ext using Guid(ed6ae6691b439b14ca460438d201a64a) Importer(815301076,1909f56bfc062723c751e8b465ee728b)  -> (artifact id: 'fc0611206e4dc4cbfbfe9898e1814d26') in 0.044692 seconds 
========================================================================
Received Import Request.
  Time since last request: 0.000060 seconds.
  path: Assets/Brick Project Studio/Apartment Kit/_Prefabs/Apt Build Kit/Int into Ext/IntExt_apt_DoorFrame_R_01_01.prefab
  artifactKey: Guid(33a7e848ce42e7b43a917cdab018b9cc) Importer(815301076,1909f56bfc062723c751e8b465ee728b)
Start importing Assets/Brick Project Studio/Apartment Kit/_Prefabs/Apt Build Kit/Int into Ext/IntExt_apt_DoorFrame_R_01_01.prefab using Guid(33a7e848ce42e7b43a917cdab018b9cc) Importer(815301076,1909f56bfc062723c751e8b465ee728b)  -> (artifact id: 'a2a0f52652f7f78fa69d7add7c693fd3') in 0.035521 seconds 
========================================================================
Received Import Request.
  Time since last request: 15.099414 seconds.
  path: Assets/Brick Project Studio/Apartment Kit/_Prefabs/Apt Build Kit/Interiors/Flooring & Ceilings
  artifactKey: Guid(423d5a3b369847047810505a9d407d97) Importer(815301076,1909f56bfc062723c751e8b465ee728b)
Start importing Assets/Brick Project Studio/Apartment Kit/_Prefabs/Apt Build Kit/Interiors/Flooring & Ceilings using Guid(423d5a3b369847047810505a9d407d97) Importer(815301076,1909f56bfc062723c751e8b465ee728b)  -> (artifact id: '649de14f8768d2a7c03a1c349048962a') in 0.006245 seconds 
========================================================================
Received Import Request.
  Time since last request: 0.058373 seconds.
  path: Assets/Brick Project Studio/Apartment Kit/_Prefabs/Apt Build Kit/Interiors/Flooring & Ceilings/Int_apt_01_Ceiling_01.prefab
  artifactKey: Guid(3106a6f3c2fc2a547b55f8f47ff2e09c) Importer(815301076,1909f56bfc062723c751e8b465ee728b)
Start importing Assets/Brick Project Studio/Apartment Kit/_Prefabs/Apt Build Kit/Interiors/Flooring & Ceilings/Int_apt_01_Ceiling_01.prefab using Guid(3106a6f3c2fc2a547b55f8f47ff2e09c) Importer(815301076,1909f56bfc062723c751e8b465ee728b)  -> (artifact id: '6298ebd147aa1cdd515201d5444da15f') in 0.042098 seconds 
========================================================================
Received Import Request.
  Time since last request: 0.000027 seconds.
  path: Assets/Brick Project Studio/Apartment Kit/_Prefabs/Apt Build Kit/Interiors/Flooring & Ceilings/Int_apt_03_Floor_01.prefab
  artifactKey: Guid(57b8e39375d93984895e498850c28ef7) Importer(815301076,1909f56bfc062723c751e8b465ee728b)
Start importing Assets/Brick Project Studio/Apartment Kit/_Prefabs/Apt Build Kit/Interiors/Flooring & Ceilings/Int_apt_03_Floor_01.prefab using Guid(57b8e39375d93984895e498850c28ef7) Importer(815301076,1909f56bfc062723c751e8b465ee728b)  -> (artifact id: '73e37fcc5d342cac8eac2da3419572ec') in 0.035781 seconds 
========================================================================
Received Import Request.
  Time since last request: 2.450410 seconds.
  path: Assets/Brick Project Studio/Apartment Kit/_Prefabs/Furniture
  artifactKey: Guid(21a0e291e1f508745aed1c49b27d5434) Importer(815301076,1909f56bfc062723c751e8b465ee728b)
Start importing Assets/Brick Project Studio/Apartment Kit/_Prefabs/Furniture using Guid(21a0e291e1f508745aed1c49b27d5434) Importer(815301076,1909f56bfc062723c751e8b465ee728b)  -> (artifact id: 'b065798e9fd41cb7663392b2a4ea7c64') in 0.006755 seconds 
========================================================================
Received Import Request.
  Time since last request: 11.098029 seconds.
  path: Assets/Brick Project Studio/_BPS Basic Assets/_Prefabs/Basic Asset
  artifactKey: Guid(bb59077d2267a2540b1338b65c17c975) Importer(815301076,1909f56bfc062723c751e8b465ee728b)
Start importing Assets/Brick Project Studio/_BPS Basic Assets/_Prefabs/Basic Asset using Guid(bb59077d2267a2540b1338b65c17c975) Importer(815301076,1909f56bfc062723c751e8b465ee728b)  -> (artifact id: '038db5b32158b11ac1fab4b1a7435196') in 0.007014 seconds 
========================================================================
Received Import Request.
  Time since last request: 1.773259 seconds.
  path: Assets/Brick Project Studio/_BPS Basic Assets/_Prefabs/Basic Asset/BA Build Kit
  artifactKey: Guid(eaea49c39338b4f498427bf2b99c3a8c) Importer(815301076,1909f56bfc062723c751e8b465ee728b)
Start importing Assets/Brick Project Studio/_BPS Basic Assets/_Prefabs/Basic Asset/BA Build Kit using Guid(eaea49c39338b4f498427bf2b99c3a8c) Importer(815301076,1909f56bfc062723c751e8b465ee728b)  -> (artifact id: 'bea683fa9513fcceba9891bfe49f2e02') in 0.007416 seconds 
========================================================================
Received Import Request.
  Time since last request: 1.057358 seconds.
  path: Assets/Brick Project Studio/_BPS Basic Assets/_Prefabs/Basic Asset/BA Build Kit/Interior
  artifactKey: Guid(496d8c9e31792f74d8b73d659a2e0021) Importer(815301076,1909f56bfc062723c751e8b465ee728b)
Start importing Assets/Brick Project Studio/_BPS Basic Assets/_Prefabs/Basic Asset/BA Build Kit/Interior using Guid(496d8c9e31792f74d8b73d659a2e0021) Importer(815301076,1909f56bfc062723c751e8b465ee728b)  -> (artifact id: 'a5522febcf629365e432e9795f7bcf5c') in 0.006127 seconds 
========================================================================
Received Import Request.
  Time since last request: 2.083436 seconds.
  path: Assets/Brick Project Studio/_BPS Basic Assets/_Prefabs/Basic Asset/BA Build Kit/Interior/Int_01
  artifactKey: Guid(0cc4773c292517d4695373e2a182abb1) Importer(815301076,1909f56bfc062723c751e8b465ee728b)
Start importing Assets/Brick Project Studio/_BPS Basic Assets/_Prefabs/Basic Asset/BA Build Kit/Interior/Int_01 using Guid(0cc4773c292517d4695373e2a182abb1) Importer(815301076,1909f56bfc062723c751e8b465ee728b)  -> (artifact id: '607a8002ec7416a1782f9ff654d20d0a') in 0.008113 seconds 
========================================================================
Received Import Request.
  Time since last request: 0.021713 seconds.
  path: Assets/Brick Project Studio/_BPS Basic Assets/_Prefabs/Basic Asset/BA Build Kit/Interior/Int_01/int_BA_01_Ceiling_01.prefab
  artifactKey: Guid(cb2e86b9dfb7ed64893d3d6345e3180d) Importer(815301076,1909f56bfc062723c751e8b465ee728b)
Start importing Assets/Brick Project Studio/_BPS Basic Assets/_Prefabs/Basic Asset/BA Build Kit/Interior/Int_01/int_BA_01_Ceiling_01.prefab using Guid(cb2e86b9dfb7ed64893d3d6345e3180d) Importer(815301076,1909f56bfc062723c751e8b465ee728b)  -> (artifact id: 'a5ea316b9816322fcddd54bb9f78ffb1') in 0.029067 seconds 
========================================================================
Received Import Request.
  Time since last request: 0.000027 seconds.
  path: Assets/Brick Project Studio/_BPS Basic Assets/_Prefabs/Basic Asset/BA Build Kit/Interior/Int_01/Int_BA_01_Floor_01.prefab
  artifactKey: Guid(44c2c1ab745c05740b134b9f0487d99b) Importer(815301076,1909f56bfc062723c751e8b465ee728b)
Start importing Assets/Brick Project Studio/_BPS Basic Assets/_Prefabs/Basic Asset/BA Build Kit/Interior/Int_01/Int_BA_01_Floor_01.prefab using Guid(44c2c1ab745c05740b134b9f0487d99b) Importer(815301076,1909f56bfc062723c751e8b465ee728b)  -> (artifact id: '59dbd3741860b67d434ecc28de55682a') in 0.028152 seconds 
========================================================================
Received Import Request.
  Time since last request: 0.000044 seconds.
  path: Assets/Brick Project Studio/_BPS Basic Assets/_Prefabs/Basic Asset/BA Build Kit/Interior/Int_01/Int_BA_01_Pillar_3x3.prefab
  artifactKey: Guid(7e9fb32cd7ac0de4c81c480a5478d86a) Importer(815301076,1909f56bfc062723c751e8b465ee728b)
Start importing Assets/Brick Project Studio/_BPS Basic Assets/_Prefabs/Basic Asset/BA Build Kit/Interior/Int_01/Int_BA_01_Pillar_3x3.prefab using Guid(7e9fb32cd7ac0de4c81c480a5478d86a) Importer(815301076,1909f56bfc062723c751e8b465ee728b)  -> (artifact id: '88bea3447ac9e4106da4d6b72b56241d') in 0.027747 seconds 
========================================================================
Received Import Request.
  Time since last request: 4.055155 seconds.
  path: Assets/Brick Project Studio/_BPS Basic Assets/_Prefabs/Basic Asset/Furniture_Props
  artifactKey: Guid(346a982c5dd76c943b339d2bdf78d7e2) Importer(815301076,1909f56bfc062723c751e8b465ee728b)
Start importing Assets/Brick Project Studio/_BPS Basic Assets/_Prefabs/Basic Asset/Furniture_Props using Guid(346a982c5dd76c943b339d2bdf78d7e2) Importer(815301076,1909f56bfc062723c751e8b465ee728b)  -> (artifact id: '1b01a38afc468d34cb31e7be0d284db3') in 0.006370 seconds 
========================================================================
Received Import Request.
  Time since last request: 0.039565 seconds.
  path: Assets/Brick Project Studio/_BPS Basic Assets/_Prefabs/Basic Asset/Furniture_Props/BA_Ceiling Light_01.prefab
  artifactKey: Guid(4f5fea46d0c567446b768005952642f8) Importer(815301076,1909f56bfc062723c751e8b465ee728b)
Start importing Assets/Brick Project Studio/_BPS Basic Assets/_Prefabs/Basic Asset/Furniture_Props/BA_Ceiling Light_01.prefab using Guid(4f5fea46d0c567446b768005952642f8) Importer(815301076,1909f56bfc062723c751e8b465ee728b)  -> (artifact id: '9e011171f4d00506037e4e7d3bc90218') in 0.017399 seconds 
========================================================================
Received Import Request.
  Time since last request: 5.861775 seconds.
  path: Assets/Brick Project Studio/_BPS Basic Assets/_Prefabs/Fire
  artifactKey: Guid(edc916d7e70f29947bf61fc90fa31777) Importer(815301076,1909f56bfc062723c751e8b465ee728b)
Start importing Assets/Brick Project Studio/_BPS Basic Assets/_Prefabs/Fire using Guid(edc916d7e70f29947bf61fc90fa31777) Importer(815301076,1909f56bfc062723c751e8b465ee728b)  -> (artifact id: '77c4bc339945a8d5c6e1bffd4e3eae47') in 0.006507 seconds 
========================================================================
Received Import Request.
  Time since last request: 0.032545 seconds.
  path: Assets/Brick Project Studio/_BPS Basic Assets/_Prefabs/Fire/Candle Flame.prefab
  artifactKey: Guid(76ba1ca0f3bd5de408854a87c409fe9c) Importer(815301076,1909f56bfc062723c751e8b465ee728b)
Start importing Assets/Brick Project Studio/_BPS Basic Assets/_Prefabs/Fire/Candle Flame.prefab using Guid(76ba1ca0f3bd5de408854a87c409fe9c) Importer(815301076,1909f56bfc062723c751e8b465ee728b)  -> (artifact id: 'd9839ed7cbde8effeb047abaca26b8e8') in 0.021081 seconds 
========================================================================
Received Import Request.
  Time since last request: 3.616498 seconds.
  path: Assets/Brick Project Studio/_BPS Basic Assets/Common/Models
  artifactKey: Guid(0238337b50b4fb840b7948eada9f0c61) Importer(815301076,1909f56bfc062723c751e8b465ee728b)
Start importing Assets/Brick Project Studio/_BPS Basic Assets/Common/Models using Guid(0238337b50b4fb840b7948eada9f0c61) Importer(815301076,1909f56bfc062723c751e8b465ee728b)  -> (artifact id: '1d7291247e12c20dd89c3c03facf12c6') in 0.006803 seconds 
========================================================================
Received Import Request.
  Time since last request: 0.024203 seconds.
  path: Assets/Brick Project Studio/_BPS Basic Assets/Common/Models/BA_Ceiling Light_01.fbx
  artifactKey: Guid(f10ecbc237630d9469cea29121d074f4) Importer(815301076,1909f56bfc062723c751e8b465ee728b)
Start importing Assets/Brick Project Studio/_BPS Basic Assets/Common/Models/BA_Ceiling Light_01.fbx using Guid(f10ecbc237630d9469cea29121d074f4) Importer(815301076,1909f56bfc062723c751e8b465ee728b)  -> (artifact id: 'e3af8ccd329662ebb8f10ae251ae1f44') in 0.108614 seconds 
========================================================================
Received Import Request.
  Time since last request: 3.735600 seconds.
  path: Assets/Brick Project Studio/_BPS Basic Assets/Common/Models/Build Kits
  artifactKey: Guid(e1df33c3547317b4781f62068dfd6146) Importer(815301076,1909f56bfc062723c751e8b465ee728b)
Start importing Assets/Brick Project Studio/_BPS Basic Assets/Common/Models/Build Kits using Guid(e1df33c3547317b4781f62068dfd6146) Importer(815301076,1909f56bfc062723c751e8b465ee728b)  -> (artifact id: '33e52cf39de693945bfa5a056d87cabf') in 0.030505 seconds 
========================================================================
Received Import Request.
  Time since last request: 0.032900 seconds.
  path: Assets/Brick Project Studio/_BPS Basic Assets/Common/Models/Build Kits/Build Kit BA_01.fbx
  artifactKey: Guid(65c4e0d1191656a43a436373673c91f7) Importer(815301076,1909f56bfc062723c751e8b465ee728b)
Start importing Assets/Brick Project Studio/_BPS Basic Assets/Common/Models/Build Kits/Build Kit BA_01.fbx using Guid(65c4e0d1191656a43a436373673c91f7) Importer(815301076,1909f56bfc062723c751e8b465ee728b)  -> (artifact id: 'fe166e0c9c4bf07f4f5ff9ba618bb971') in 0.138822 seconds 
========================================================================
Received Import Request.
  Time since last request: 0.000037 seconds.
  path: Assets/Brick Project Studio/_BPS Basic Assets/Common/Models/Build Kits/Build Kit Interior Updated_01.fbx
  artifactKey: Guid(013043932069e224e90b516d38cdab48) Importer(815301076,1909f56bfc062723c751e8b465ee728b)
Start importing Assets/Brick Project Studio/_BPS Basic Assets/Common/Models/Build Kits/Build Kit Interior Updated_01.fbx using Guid(013043932069e224e90b516d38cdab48) Importer(815301076,1909f56bfc062723c751e8b465ee728b)  -> (artifact id: '393f940e55c338c34c1a0c42edb71e9d') in 0.084219 seconds 
========================================================================
Received Import Request.
  Time since last request: 8.286083 seconds.
  path: Assets/Brick Project Studio/_BPS Basic Assets/_Prefabs/Base Scene
  artifactKey: Guid(1ccf763dc0d9fbf4cafdb919842ae4eb) Importer(815301076,1909f56bfc062723c751e8b465ee728b)
Start importing Assets/Brick Project Studio/_BPS Basic Assets/_Prefabs/Base Scene using Guid(1ccf763dc0d9fbf4cafdb919842ae4eb) Importer(815301076,1909f56bfc062723c751e8b465ee728b)  -> (artifact id: '97e147fb90baa8721b6bea8c2196f985') in 0.002979 seconds 
========================================================================
Received Import Request.
  Time since last request: 0.070077 seconds.
  path: Assets/Brick Project Studio/_BPS Basic Assets/_Prefabs/Base Scene/BA_Concrete Plane.prefab
  artifactKey: Guid(0a39e6bc93e859145a2f868ff0277c31) Importer(815301076,1909f56bfc062723c751e8b465ee728b)
Start importing Assets/Brick Project Studio/_BPS Basic Assets/_Prefabs/Base Scene/BA_Concrete Plane.prefab using Guid(0a39e6bc93e859145a2f868ff0277c31) Importer(815301076,1909f56bfc062723c751e8b465ee728b)  -> (artifact id: '8dc6fcdfd24cafa654442c071e093563') in 0.028016 seconds 
========================================================================
Received Import Request.
  Time since last request: 15.255235 seconds.
  path: Assets/Brick Project Studio/_BPS Basic Assets/_Prefabs/Legacy
  artifactKey: Guid(c2af272932c231a45a406dfa49ac027d) Importer(815301076,1909f56bfc062723c751e8b465ee728b)
Start importing Assets/Brick Project Studio/_BPS Basic Assets/_Prefabs/Legacy using Guid(c2af272932c231a45a406dfa49ac027d) Importer(815301076,1909f56bfc062723c751e8b465ee728b)  -> (artifact id: '0b3490fed4ed47d14ca731f90edbfbbe') in 0.006784 seconds 
========================================================================
Received Import Request.
  Time since last request: 0.013677 seconds.
  path: Assets/Brick Project Studio/_BPS Basic Assets/_Prefabs/Legacy/Base Room Scene.prefab
  artifactKey: Guid(42ded4a9b41e76d46bb90a3e35072cf7) Importer(815301076,1909f56bfc062723c751e8b465ee728b)
Start importing Assets/Brick Project Studio/_BPS Basic Assets/_Prefabs/Legacy/Base Room Scene.prefab using Guid(42ded4a9b41e76d46bb90a3e35072cf7) Importer(815301076,1909f56bfc062723c751e8b465ee728b)  -> (artifact id: '99ad7a8173a30ceeca25d7468aaab707') in 0.034445 seconds 
========================================================================
Received Import Request.
  Time since last request: 0.000037 seconds.
  path: Assets/Brick Project Studio/_BPS Basic Assets/_Prefabs/Legacy/Tiled Floor.prefab
  artifactKey: Guid(51d3051b1d589214e960ae74c8933521) Importer(815301076,1909f56bfc062723c751e8b465ee728b)
Start importing Assets/Brick Project Studio/_BPS Basic Assets/_Prefabs/Legacy/Tiled Floor.prefab using Guid(51d3051b1d589214e960ae74c8933521) Importer(815301076,1909f56bfc062723c751e8b465ee728b)  -> (artifact id: '95796babd52227efe2650b300a61946f') in 0.034200 seconds 
========================================================================
Received Import Request.
  Time since last request: 2.072464 seconds.
  path: Assets/Brick Project Studio/_BPS Basic Assets/_Prefabs/Restroom
  artifactKey: Guid(6f83705fdf94dc54991f02f9d858b8bc) Importer(815301076,1909f56bfc062723c751e8b465ee728b)
Start importing Assets/Brick Project Studio/_BPS Basic Assets/_Prefabs/Restroom using Guid(6f83705fdf94dc54991f02f9d858b8bc) Importer(815301076,1909f56bfc062723c751e8b465ee728b)  -> (artifact id: 'e0913bb2bc8808d5071152d971e742dd') in 0.006338 seconds 
========================================================================
Received Import Request.
  Time since last request: 10.362501 seconds.
  path: Assets/Brick Project Studio/Apartment Kit/_Prefabs/Apt Build Kit/Exteriors
  artifactKey: Guid(1c51540e55546be4f99924b85446a045) Importer(815301076,1909f56bfc062723c751e8b465ee728b)
Start importing Assets/Brick Project Studio/Apartment Kit/_Prefabs/Apt Build Kit/Exteriors using Guid(1c51540e55546be4f99924b85446a045) Importer(815301076,1909f56bfc062723c751e8b465ee728b)  -> (artifact id: 'edc9092d8dad09629bc5952e0fe5c5c8') in 0.008585 seconds 
========================================================================
Received Import Request.
  Time since last request: 1.656815 seconds.
  path: Assets/Brick Project Studio/Apartment Kit/_Prefabs/Apt Build Kit/Exteriors/Ext_Apt_01
  artifactKey: Guid(0621c9b8473e4f041b3999ecf010f0a1) Importer(815301076,1909f56bfc062723c751e8b465ee728b)
Start importing Assets/Brick Project Studio/Apartment Kit/_Prefabs/Apt Build Kit/Exteriors/Ext_Apt_01 using Guid(0621c9b8473e4f041b3999ecf010f0a1) Importer(815301076,1909f56bfc062723c751e8b465ee728b)  -> (artifact id: 'd7b5ea112f780556445056b0d66567f2') in 0.053446 seconds 
========================================================================
Received Import Request.
  Time since last request: 0.023060 seconds.
  path: Assets/Brick Project Studio/Apartment Kit/_Prefabs/Apt Build Kit/Exteriors/Ext_Apt_01/Ext_Apt_01_Corner_01.prefab
  artifactKey: Guid(bd7983b1a49044746ab3ec58a61d0c4a) Importer(815301076,1909f56bfc062723c751e8b465ee728b)
Start importing Assets/Brick Project Studio/Apartment Kit/_Prefabs/Apt Build Kit/Exteriors/Ext_Apt_01/Ext_Apt_01_Corner_01.prefab using Guid(bd7983b1a49044746ab3ec58a61d0c4a) Importer(815301076,1909f56bfc062723c751e8b465ee728b)  -> (artifact id: 'bad041552fc38ccfe731aa91833715af') in 0.166412 seconds 
========================================================================
Received Import Request.
  Time since last request: 0.000096 seconds.
  path: Assets/Brick Project Studio/Apartment Kit/_Prefabs/Apt Build Kit/Exteriors/Ext_Apt_01/Ext_Apt_01_Roof_Mid_01.prefab
  artifactKey: Guid(5a8c5bdb2890760419fa0ba36befc73e) Importer(815301076,1909f56bfc062723c751e8b465ee728b)
Start importing Assets/Brick Project Studio/Apartment Kit/_Prefabs/Apt Build Kit/Exteriors/Ext_Apt_01/Ext_Apt_01_Roof_Mid_01.prefab using Guid(5a8c5bdb2890760419fa0ba36befc73e) Importer(815301076,1909f56bfc062723c751e8b465ee728b)  -> (artifact id: 'a17ccfcce04d5d95e54e861364ad6795') in 0.113881 seconds 
========================================================================
Received Import Request.
  Time since last request: 0.000101 seconds.
  path: Assets/Brick Project Studio/Apartment Kit/_Prefabs/Apt Build Kit/Exteriors/Ext_Apt_01/Ext_Apt_01_Roof_03.prefab
  artifactKey: Guid(c544bc53359f3e941aed74ee827feff3) Importer(815301076,1909f56bfc062723c751e8b465ee728b)
Start importing Assets/Brick Project Studio/Apartment Kit/_Prefabs/Apt Build Kit/Exteriors/Ext_Apt_01/Ext_Apt_01_Roof_03.prefab using Guid(c544bc53359f3e941aed74ee827feff3) Importer(815301076,1909f56bfc062723c751e8b465ee728b)  -> (artifact id: '05c0cbaa9ae6ffa4899d61a3808e7c33') in 0.108102 seconds 
Editor requested this worker to shutdown with reason: Scaling down because of idle timeout
AssetImportWorker is now disconnected from the server
Process exiting
Exiting without the bug reporter. Application will terminate with return code 0